<?xml version="1.0" encoding="UTF-8"?>
<!-- Generated by org.testng.reporters.JUnitReportReporter -->
<testsuite hostname="DESKTOP-IJLUITG" failures="0" tests="2" name="Test_1" time="0.023" errors="0" timestamp="2022-01-17T01:28:56 IST" skipped="0">
  <testcase classname="Test_1" name="CollectStream" time="0.015"/>
  <system-out/>
  <testcase classname="Test_1" name="streamMap" time="0.008"/>
  <system-out/>
</testsuite> <!-- Test_1 -->
